[ 2015-07-30T01:27:32+08:00 ] 127.0.0.1 /api/imgtxt_thumb_upload?flowChunkNumber=1&flowChunkSize=1048576&flowCurrentChunkSize=20777&flowTotalSize=20777&flowIdentifier=20777-u21991803021055708820fm21gp0jpg&flowFilename=u%3D2199180302%2C1055708820%26fm%3D21%26gp%3D0.jpg&flowRelativePath=u%3D2199180302%2C1055708820%26fm%3D21%26gp%3D0.jpg&flowTotalChunks=1
INFO: [ app_init ] --START--
INFO: Run Behavior\BuildLiteBehavior [ RunTime:0.000000s ]
INFO: [ app_init ] --END-- [ RunTime:0.001001s ]
INFO: [ app_begin ] --START--
INFO: Run Behavior\ReadHtmlCacheBehavior [ RunTime:0.001000s ]
INFO: [ app_begin ] --END-- [ RunTime:0.001000s ]
INFO: [ app_end ] --START--
INFO: Run Behavior\ShowPageTraceBehavior [ RunTime:0.000000s ]
INFO: [ app_end ] --END-- [ RunTime:0.000000s ]

[ 2015-07-30T01:27:32+08:00 ] 127.0.0.1 /api/imgtxt_thumb_upload
INFO: [ app_init ] --START--
INFO: Run Behavior\BuildLiteBehavior [ RunTime:0.000000s ]
INFO: [ app_init ] --END-- [ RunTime:0.000000s ]
INFO: [ app_begin ] --START--
INFO: Run Behavior\ReadHtmlCacheBehavior [ RunTime:0.001000s ]
INFO: [ app_begin ] --END-- [ RunTime:0.001000s ]
INFO: [ app_end ] --START--
INFO: Run Behavior\ShowPageTraceBehavior [ RunTime:0.001000s ]
INFO: [ app_end ] --END-- [ RunTime:0.001000s ]

[ 2015-07-30T01:27:49+08:00 ] 127.0.0.1 /api/imgtxt_thumb_upload?flowChunkNumber=1&flowChunkSize=1048576&flowCurrentChunkSize=6507&flowTotalSize=6507&flowIdentifier=6507-u24462396052072938734fm21gp0jpg&flowFilename=u%3D2446239605%2C2072938734%26fm%3D21%26gp%3D0.jpg&flowRelativePath=u%3D2446239605%2C2072938734%26fm%3D21%26gp%3D0.jpg&flowTotalChunks=1
INFO: [ app_init ] --START--
INFO: Run Behavior\BuildLiteBehavior [ RunTime:0.000000s ]
INFO: [ app_init ] --END-- [ RunTime:0.001000s ]
INFO: [ app_begin ] --START--
INFO: Run Behavior\ReadHtmlCacheBehavior [ RunTime:0.000000s ]
INFO: [ app_begin ] --END-- [ RunTime:0.001000s ]
INFO: [ app_end ] --START--
INFO: Run Behavior\ShowPageTraceBehavior [ RunTime:0.001000s ]
INFO: [ app_end ] --END-- [ RunTime:0.001000s ]

[ 2015-07-30T01:27:49+08:00 ] 127.0.0.1 /api/imgtxt_thumb_upload
INFO: [ app_init ] --START--
INFO: Run Behavior\BuildLiteBehavior [ RunTime:0.000000s ]
INFO: [ app_init ] --END-- [ RunTime:0.000000s ]
INFO: [ app_begin ] --START--
INFO: Run Behavior\ReadHtmlCacheBehavior [ RunTime:0.001000s ]
INFO: [ app_begin ] --END-- [ RunTime:0.001000s ]
INFO: [ app_end ] --START--
INFO: Run Behavior\ShowPageTraceBehavior [ RunTime:0.000000s ]
INFO: [ app_end ] --END-- [ RunTime:0.000000s ]

[ 2015-07-30T01:27:52+08:00 ] 127.0.0.1 /api/imgtxt_formadd
INFO: [ app_init ] --START--
INFO: Run Behavior\BuildLiteBehavior [ RunTime:0.000000s ]
INFO: [ app_init ] --END-- [ RunTime:0.000000s ]
INFO: [ app_begin ] --START--
INFO: Run Behavior\ReadHtmlCacheBehavior [ RunTime:0.000000s ]
INFO: [ app_begin ] --END-- [ RunTime:0.000000s ]

